This file contains any messages produced by compilers while
running configure, to aid debugging if configure makes a mistake.

It was created by glibc build-side support configure (see version.h), which was
generated by GNU Autoconf 2.59.  Invocation command line was

  $ ./configure --prefix=/usr --with-glibc=/home/kerino/montavista/rpm/BUILD/glibc-2.5.90/localedef/..

## --------- ##
## Platform. ##
## --------- ##

hostname = localhost.localdomain
uname -m = i686
uname -r = 2.6.9-67.ELsmp
uname -s = Linux
uname -v = #1 SMP Wed Nov 7 13:58:04 EST 2007

/usr/bin/uname -p = unknown
/bin/uname -X     = unknown

/bin/arch              = i686
/usr/bin/arch -k       = unknown
/usr/convex/getsysinfo = unknown
hostinfo               = unknown
/bin/machine           = unknown
/usr/bin/oslevel       = unknown
/bin/universe          = unknown

PATH: /opt/mvl.5024.mobil.arm.v7.vfp.le.omap3530/mobilinux/devkit/arm/v7_vfp_le/bin
PATH: /opt/mvl.5024.mobil.arm.v7.vfp.le.omap3530/mobilinux/bin
PATH: /opt/mvl.5024.mobil.arm.v7.vfp.le.omap3530/common/bin
PATH: /opt/mvl.5024.mobil.arm.v7.vfp.le.omap3530/common/bin
PATH: /usr/bin
PATH: /bin
PATH: /usr/sbin
PATH: /sbin
PATH: /usr/local/bin
PATH: /usr/X/bin
PATH: /usr/X11R6/bin
PATH: /usr/ucb


## ----------- ##
## Core tests. ##
## ----------- ##

configure:1353: checking build system type
configure:1371: result: i686-pc-linux-gnu
configure:1428: checking for gcc
configure:1454: result: gcc
configure:1698: checking for C compiler version
configure:1701: gcc --version </dev/null >&5
gcc (GCC) 3.4.6 20060404 (Red Hat 3.4.6-9)
Copyright (C) 2006 Free Software Foundation, Inc.
This is free software; see the source for copying conditions.  There is NO
warranty; not even for MERCHANTABILITY or FITNESS FOR A PARTICULAR PURPOSE.

configure:1704: $? = 0
configure:1706: gcc -v </dev/null >&5
Reading specs from /usr/lib/gcc/i386-redhat-linux/3.4.6/specs
Configured with: ../configure --prefix=/usr --mandir=/usr/share/man --infodir=/usr/share/info --enable-shared --enable-threads=posix --disable-checking --with-system-zlib --enable-__cxa_atexit --disable-libunwind-exceptions --enable-java-awt=gtk --host=i386-redhat-linux
Thread model: posix
gcc version 3.4.6 20060404 (Red Hat 3.4.6-9)
configure:1709: $? = 0
configure:1711: gcc -V </dev/null >&5
gcc: `-V' option must have argument
configure:1714: $? = 1
configure:1737: checking for C compiler default output file name
configure:1740: gcc -O2   conftest.c  >&5
configure:1743: $? = 0
configure:1789: result: a.out
configure:1794: checking whether the C compiler works
configure:1800: ./a.out
configure:1803: $? = 0
configure:1820: result: yes
configure:1827: checking whether we are cross compiling
configure:1829: result: no
configure:1832: checking for suffix of executables
configure:1834: gcc -o conftest -O2   conftest.c  >&5
configure:1837: $? = 0
configure:1862: result: 
configure:1868: checking for suffix of object files
configure:1889: gcc -c -O2  conftest.c >&5
configure:1892: $? = 0
configure:1914: result: o
configure:1918: checking whether we are using the GNU C compiler
configure:1942: gcc -c -O2  conftest.c >&5
configure:1948: $? = 0
configure:1952: test -z 
			 || test ! -s conftest.err
configure:1955: $? = 0
configure:1958: test -s conftest.o
configure:1961: $? = 0
configure:1974: result: yes
configure:1980: checking whether gcc accepts -g
configure:2001: gcc -c -g  conftest.c >&5
configure:2007: $? = 0
configure:2011: test -z 
			 || test ! -s conftest.err
configure:2014: $? = 0
configure:2017: test -s conftest.o
configure:2020: $? = 0
configure:2031: result: yes
configure:2048: checking for gcc option to accept ANSI C
configure:2118: gcc  -c -O2  conftest.c >&5
configure:2124: $? = 0
configure:2128: test -z 
			 || test ! -s conftest.err
configure:2131: $? = 0
configure:2134: test -s conftest.o
configure:2137: $? = 0
configure:2155: result: none needed
configure:2173: gcc -c -O2  conftest.c >&5
conftest.c:2: error: syntax error before "me"
configure:2179: $? = 1
configure: failed program was:
| #ifndef __cplusplus
|   choke me
| #endif
configure:2312: checking whether ln -s works
configure:2316: result: yes
configure:2324: checking whether byte ordering is bigendian
configure:2351: gcc -c -O2  conftest.c >&5
configure:2357: $? = 0
configure:2361: test -z 
			 || test ! -s conftest.err
configure:2364: $? = 0
configure:2367: test -s conftest.o
configure:2370: $? = 0
configure:2394: gcc -c -O2  conftest.c >&5
conftest.c: In function `main':
conftest.c:16: error: `not' undeclared (first use in this function)
conftest.c:16: error: (Each undeclared identifier is reported only once
conftest.c:16: error: for each function it appears in.)
conftest.c:16: error: syntax error before "big"
configure:2400: $? = 1
configure: failed program was:
| /* confdefs.h.  */
| 
| #define PACKAGE_NAME "glibc build-side support"
| #define PACKAGE_TARNAME "glibc-build-side-support"
| #define PACKAGE_VERSION "(see version.h)"
| #define PACKAGE_STRING "glibc build-side support (see version.h)"
| #define PACKAGE_BUGREPORT ""
| /* end confdefs.h.  */
| #include <sys/types.h>
| #include <sys/param.h>
| 
| int
| main ()
| {
| #if BYTE_ORDER != BIG_ENDIAN
|  not big endian
| #endif
| 
|   ;
|   return 0;
| }
configure:2535: result: no
configure:2562: checking how to run the C preprocessor
configure:2680: result: cpp
configure:2704: cpp  conftest.c
configure:2710: $? = 0
configure:2742: cpp  conftest.c
conftest.c:10:28: ac_nonexistent.h: No such file or directory
configure:2748: $? = 1
configure: failed program was:
| /* confdefs.h.  */
| 
| #define PACKAGE_NAME "glibc build-side support"
| #define PACKAGE_TARNAME "glibc-build-side-support"
| #define PACKAGE_VERSION "(see version.h)"
| #define PACKAGE_STRING "glibc build-side support (see version.h)"
| #define PACKAGE_BUGREPORT ""
| #define BUILD_BYTE_ORDER __LITTLE_ENDIAN
| /* end confdefs.h.  */
| #include <ac_nonexistent.h>
configure:2792: checking for egrep
configure:2802: result: grep -E
configure:2807: checking for ANSI C header files
configure:2832: gcc -c -O2  conftest.c >&5
configure:2838: $? = 0
configure:2842: test -z 
			 || test ! -s conftest.err
configure:2845: $? = 0
configure:2848: test -s conftest.o
configure:2851: $? = 0
configure:2940: gcc -o conftest -O2   conftest.c  >&5
configure:2943: $? = 0
configure:2945: ./conftest
configure:2948: $? = 0
configure:2963: result: yes
configure:2987: checking for sys/types.h
configure:3003: gcc -c -O2  conftest.c >&5
configure:3009: $? = 0
configure:3013: test -z 
			 || test ! -s conftest.err
configure:3016: $? = 0
configure:3019: test -s conftest.o
configure:3022: $? = 0
configure:3033: result: yes
configure:2987: checking for sys/stat.h
configure:3003: gcc -c -O2  conftest.c >&5
configure:3009: $? = 0
configure:3013: test -z 
			 || test ! -s conftest.err
configure:3016: $? = 0
configure:3019: test -s conftest.o
configure:3022: $? = 0
configure:3033: result: yes
configure:2987: checking for stdlib.h
configure:3003: gcc -c -O2  conftest.c >&5
configure:3009: $? = 0
configure:3013: test -z 
			 || test ! -s conftest.err
configure:3016: $? = 0
configure:3019: test -s conftest.o
configure:3022: $? = 0
configure:3033: result: yes
configure:2987: checking for string.h
configure:3003: gcc -c -O2  conftest.c >&5
configure:3009: $? = 0
configure:3013: test -z 
			 || test ! -s conftest.err
configure:3016: $? = 0
configure:3019: test -s conftest.o
configure:3022: $? = 0
configure:3033: result: yes
configure:2987: checking for memory.h
configure:3003: gcc -c -O2  conftest.c >&5
configure:3009: $? = 0
configure:3013: test -z 
			 || test ! -s conftest.err
configure:3016: $? = 0
configure:3019: test -s conftest.o
configure:3022: $? = 0
configure:3033: result: yes
configure:2987: checking for strings.h
configure:3003: gcc -c -O2  conftest.c >&5
configure:3009: $? = 0
configure:3013: test -z 
			 || test ! -s conftest.err
configure:3016: $? = 0
configure:3019: test -s conftest.o
configure:3022: $? = 0
configure:3033: result: yes
configure:2987: checking for inttypes.h
configure:3003: gcc -c -O2  conftest.c >&5
configure:3009: $? = 0
configure:3013: test -z 
			 || test ! -s conftest.err
configure:3016: $? = 0
configure:3019: test -s conftest.o
configure:3022: $? = 0
configure:3033: result: yes
configure:2987: checking for stdint.h
configure:3003: gcc -c -O2  conftest.c >&5
configure:3009: $? = 0
configure:3013: test -z 
			 || test ! -s conftest.err
configure:3016: $? = 0
configure:3019: test -s conftest.o
configure:3022: $? = 0
configure:3033: result: yes
configure:2987: checking for unistd.h
configure:3003: gcc -c -O2  conftest.c >&5
configure:3009: $? = 0
configure:3013: test -z 
			 || test ! -s conftest.err
configure:3016: $? = 0
configure:3019: test -s conftest.o
configure:3022: $? = 0
configure:3033: result: yes
configure:3081: checking byteswap.h usability
configure:3093: gcc -c -O2  conftest.c >&5
configure:3099: $? = 0
configure:3103: test -z 
			 || test ! -s conftest.err
configure:3106: $? = 0
configure:3109: test -s conftest.o
configure:3112: $? = 0
configure:3122: result: yes
configure:3126: checking byteswap.h presence
configure:3136: cpp  conftest.c
configure:3142: $? = 0
configure:3162: result: yes
configure:3197: checking for byteswap.h
configure:3204: result: yes
configure:3081: checking ctype.h usability
configure:3093: gcc -c -O2  conftest.c >&5
configure:3099: $? = 0
configure:3103: test -z 
			 || test ! -s conftest.err
configure:3106: $? = 0
configure:3109: test -s conftest.o
configure:3112: $? = 0
configure:3122: result: yes
configure:3126: checking ctype.h presence
configure:3136: cpp  conftest.c
configure:3142: $? = 0
configure:3162: result: yes
configure:3197: checking for ctype.h
configure:3204: result: yes
configure:3081: checking dirent.h usability
configure:3093: gcc -c -O2  conftest.c >&5
configure:3099: $? = 0
configure:3103: test -z 
			 || test ! -s conftest.err
configure:3106: $? = 0
configure:3109: test -s conftest.o
configure:3112: $? = 0
configure:3122: result: yes
configure:3126: checking dirent.h presence
configure:3136: cpp  conftest.c
configure:3142: $? = 0
configure:3162: result: yes
configure:3197: checking for dirent.h
configure:3204: result: yes
configure:3081: checking endian.h usability
configure:3093: gcc -c -O2  conftest.c >&5
configure:3099: $? = 0
configure:3103: test -z 
			 || test ! -s conftest.err
configure:3106: $? = 0
configure:3109: test -s conftest.o
configure:3112: $? = 0
configure:3122: result: yes
configure:3126: checking endian.h presence
configure:3136: cpp  conftest.c
configure:3142: $? = 0
configure:3162: result: yes
configure:3197: checking for endian.h
configure:3204: result: yes
configure:3081: checking features.h usability
configure:3093: gcc -c -O2  conftest.c >&5
configure:3099: $? = 0
configure:3103: test -z 
			 || test ! -s conftest.err
configure:3106: $? = 0
configure:3109: test -s conftest.o
configure:3112: $? = 0
configure:3122: result: yes
configure:3126: checking features.h presence
configure:3136: cpp  conftest.c
configure:3142: $? = 0
configure:3162: result: yes
configure:3197: checking for features.h
configure:3204: result: yes
configure:3081: checking fcntl.h usability
configure:3093: gcc -c -O2  conftest.c >&5
configure:3099: $? = 0
configure:3103: test -z 
			 || test ! -s conftest.err
configure:3106: $? = 0
configure:3109: test -s conftest.o
configure:3112: $? = 0
configure:3122: result: yes
configure:3126: checking fcntl.h presence
configure:3136: cpp  conftest.c
configure:3142: $? = 0
configure:3162: result: yes
configure:3197: checking for fcntl.h
configure:3204: result: yes
configure:3072: checking for inttypes.h
configure:3077: result: yes
configure:3081: checking libintl.h usability
configure:3093: gcc -c -O2  conftest.c >&5
configure:3099: $? = 0
configure:3103: test -z 
			 || test ! -s conftest.err
configure:3106: $? = 0
configure:3109: test -s conftest.o
configure:3112: $? = 0
configure:3122: result: yes
configure:3126: checking libintl.h presence
configure:3136: cpp  conftest.c
configure:3142: $? = 0
configure:3162: result: yes
configure:3197: checking for libintl.h
configure:3204: result: yes
configure:3081: checking mcheck.h usability
configure:3093: gcc -c -O2  conftest.c >&5
configure:3099: $? = 0
configure:3103: test -z 
			 || test ! -s conftest.err
configure:3106: $? = 0
configure:3109: test -s conftest.o
configure:3112: $? = 0
configure:3122: result: yes
configure:3126: checking mcheck.h presence
configure:3136: cpp  conftest.c
configure:3142: $? = 0
configure:3162: result: yes
configure:3197: checking for mcheck.h
configure:3204: result: yes
configure:3081: checking nl_types.h usability
configure:3093: gcc -c -O2  conftest.c >&5
configure:3099: $? = 0
configure:3103: test -z 
			 || test ! -s conftest.err
configure:3106: $? = 0
configure:3109: test -s conftest.o
configure:3112: $? = 0
configure:3122: result: yes
configure:3126: checking nl_types.h presence
configure:3136: cpp  conftest.c
configure:3142: $? = 0
configure:3162: result: yes
configure:3197: checking for nl_types.h
configure:3204: result: yes
configure:3081: checking stdbool.h usability
configure:3093: gcc -c -O2  conftest.c >&5
configure:3099: $? = 0
configure:3103: test -z 
			 || test ! -s conftest.err
configure:3106: $? = 0
configure:3109: test -s conftest.o
configure:3112: $? = 0
configure:3122: result: yes
configure:3126: checking stdbool.h presence
configure:3136: cpp  conftest.c
configure:3142: $? = 0
configure:3162: result: yes
configure:3197: checking for stdbool.h
configure:3204: result: yes
configure:3081: checking stdio_ext.h usability
configure:3093: gcc -c -O2  conftest.c >&5
configure:3099: $? = 0
configure:3103: test -z 
			 || test ! -s conftest.err
configure:3106: $? = 0
configure:3109: test -s conftest.o
configure:3112: $? = 0
configure:3122: result: yes
configure:3126: checking stdio_ext.h presence
configure:3136: cpp  conftest.c
configure:3142: $? = 0
configure:3162: result: yes
configure:3197: checking for stdio_ext.h
configure:3204: result: yes
configure:3072: checking for stdint.h
configure:3077: result: yes
configure:3081: checking time.h usability
configure:3093: gcc -c -O2  conftest.c >&5
configure:3099: $? = 0
configure:3103: test -z 
			 || test ! -s conftest.err
configure:3106: $? = 0
configure:3109: test -s conftest.o
configure:3112: $? = 0
configure:3122: result: yes
configure:3126: checking time.h presence
configure:3136: cpp  conftest.c
configure:3142: $? = 0
configure:3162: result: yes
configure:3197: checking for time.h
configure:3204: result: yes
configure:3081: checking wctype.h usability
configure:3093: gcc -c -O2  conftest.c >&5
configure:3099: $? = 0
configure:3103: test -z 
			 || test ! -s conftest.err
configure:3106: $? = 0
configure:3109: test -s conftest.o
configure:3112: $? = 0
configure:3122: result: yes
configure:3126: checking wctype.h presence
configure:3136: cpp  conftest.c
configure:3142: $? = 0
configure:3162: result: yes
configure:3197: checking for wctype.h
configure:3204: result: yes
configure:3081: checking sys/cdefs.h usability
configure:3093: gcc -c -O2  conftest.c >&5
configure:3099: $? = 0
configure:3103: test -z 
			 || test ! -s conftest.err
configure:3106: $? = 0
configure:3109: test -s conftest.o
configure:3112: $? = 0
configure:3122: result: yes
configure:3126: checking sys/cdefs.h presence
configure:3136: cpp  conftest.c
configure:3142: $? = 0
configure:3162: result: yes
configure:3197: checking for sys/cdefs.h
configure:3204: result: yes
configure:3081: checking sys/mman.h usability
configure:3093: gcc -c -O2  conftest.c >&5
configure:3099: $? = 0
configure:3103: test -z 
			 || test ! -s conftest.err
configure:3106: $? = 0
configure:3109: test -s conftest.o
configure:3112: $? = 0
configure:3122: result: yes
configure:3126: checking sys/mman.h presence
configure:3136: cpp  conftest.c
configure:3142: $? = 0
configure:3162: result: yes
configure:3197: checking for sys/mman.h
configure:3204: result: yes
configure:3081: checking sys/param.h usability
configure:3093: gcc -c -O2  conftest.c >&5
configure:3099: $? = 0
configure:3103: test -z 
			 || test ! -s conftest.err
configure:3106: $? = 0
configure:3109: test -s conftest.o
configure:3112: $? = 0
configure:3122: result: yes
configure:3126: checking sys/param.h presence
configure:3136: cpp  conftest.c
configure:3142: $? = 0
configure:3162: result: yes
configure:3197: checking for sys/param.h
configure:3204: result: yes
configure:3072: checking for sys/stat.h
configure:3077: result: yes
configure:3081: checking sys/uio.h usability
configure:3093: gcc -c -O2  conftest.c >&5
configure:3099: $? = 0
configure:3103: test -z 
			 || test ! -s conftest.err
configure:3106: $? = 0
configure:3109: test -s conftest.o
configure:3112: $? = 0
configure:3122: result: yes
configure:3126: checking sys/uio.h presence
configure:3136: cpp  conftest.c
configure:3142: $? = 0
configure:3162: result: yes
configure:3197: checking for sys/uio.h
configure:3204: result: yes
configure:3217: checking for off64_t
configure:3241: gcc -c -O2  conftest.c >&5
conftest.c: In function `main':
conftest.c:77: error: `off64_t' undeclared (first use in this function)
conftest.c:77: error: (Each undeclared identifier is reported only once
conftest.c:77: error: for each function it appears in.)
conftest.c:77: error: syntax error before ')' token
configure:3247: $? = 1
configure: failed program was:
| /* confdefs.h.  */
| 
| #define PACKAGE_NAME "glibc build-side support"
| #define PACKAGE_TARNAME "glibc-build-side-support"
| #define PACKAGE_VERSION "(see version.h)"
| #define PACKAGE_STRING "glibc build-side support (see version.h)"
| #define PACKAGE_BUGREPORT ""
| #define BUILD_BYTE_ORDER __LITTLE_ENDIAN
| #define STDC_HEADERS 1
| #define HAVE_SYS_TYPES_H 1
| #define HAVE_SYS_STAT_H 1
| #define HAVE_STDLIB_H 1
| #define HAVE_STRING_H 1
| #define HAVE_MEMORY_H 1
| #define HAVE_STRINGS_H 1
| #define HAVE_INTTYPES_H 1
| #define HAVE_STDINT_H 1
| #define HAVE_UNISTD_H 1
| #define HAVE_BYTESWAP_H 1
| #define HAVE_CTYPE_H 1
| #define HAVE_DIRENT_H 1
| #define HAVE_ENDIAN_H 1
| #define HAVE_FEATURES_H 1
| #define HAVE_FCNTL_H 1
| #define HAVE_INTTYPES_H 1
| #define HAVE_LIBINTL_H 1
| #define HAVE_MCHECK_H 1
| #define HAVE_NL_TYPES_H 1
| #define HAVE_STDBOOL_H 1
| #define HAVE_STDIO_EXT_H 1
| #define HAVE_STDINT_H 1
| #define HAVE_TIME_H 1
| #define HAVE_WCTYPE_H 1
| #define HAVE_SYS_CDEFS_H 1
| #define HAVE_SYS_MMAN_H 1
| #define HAVE_SYS_PARAM_H 1
| #define HAVE_SYS_STAT_H 1
| #define HAVE_SYS_UIO_H 1
| /* end confdefs.h.  */
| #include <stdio.h>
| #if HAVE_SYS_TYPES_H
| # include <sys/types.h>
| #endif
| #if HAVE_SYS_STAT_H
| # include <sys/stat.h>
| #endif
| #if STDC_HEADERS
| # include <stdlib.h>
| # include <stddef.h>
| #else
| # if HAVE_STDLIB_H
| #  include <stdlib.h>
| # endif
| #endif
| #if HAVE_STRING_H
| # if !STDC_HEADERS && HAVE_MEMORY_H
| #  include <memory.h>
| # endif
| # include <string.h>
| #endif
| #if HAVE_STRINGS_H
| # include <strings.h>
| #endif
| #if HAVE_INTTYPES_H
| # include <inttypes.h>
| #else
| # if HAVE_STDINT_H
| #  include <stdint.h>
| # endif
| #endif
| #if HAVE_UNISTD_H
| # include <unistd.h>
| #endif
| int
| main ()
| {
| if ((off64_t *) 0)
|   return 0;
| if (sizeof (off64_t))
|   return 0;
|   ;
|   return 0;
| }
configure:3271: result: no
configure:3281: checking for blksize_t
configure:3305: gcc -c -O2  conftest.c >&5
conftest.c: In function `main':
conftest.c:77: error: `blksize_t' undeclared (first use in this function)
conftest.c:77: error: (Each undeclared identifier is reported only once
conftest.c:77: error: for each function it appears in.)
conftest.c:77: error: syntax error before ')' token
configure:3311: $? = 1
configure: failed program was:
| /* confdefs.h.  */
| 
| #define PACKAGE_NAME "glibc build-side support"
| #define PACKAGE_TARNAME "glibc-build-side-support"
| #define PACKAGE_VERSION "(see version.h)"
| #define PACKAGE_STRING "glibc build-side support (see version.h)"
| #define PACKAGE_BUGREPORT ""
| #define BUILD_BYTE_ORDER __LITTLE_ENDIAN
| #define STDC_HEADERS 1
| #define HAVE_SYS_TYPES_H 1
| #define HAVE_SYS_STAT_H 1
| #define HAVE_STDLIB_H 1
| #define HAVE_STRING_H 1
| #define HAVE_MEMORY_H 1
| #define HAVE_STRINGS_H 1
| #define HAVE_INTTYPES_H 1
| #define HAVE_STDINT_H 1
| #define HAVE_UNISTD_H 1
| #define HAVE_BYTESWAP_H 1
| #define HAVE_CTYPE_H 1
| #define HAVE_DIRENT_H 1
| #define HAVE_ENDIAN_H 1
| #define HAVE_FEATURES_H 1
| #define HAVE_FCNTL_H 1
| #define HAVE_INTTYPES_H 1
| #define HAVE_LIBINTL_H 1
| #define HAVE_MCHECK_H 1
| #define HAVE_NL_TYPES_H 1
| #define HAVE_STDBOOL_H 1
| #define HAVE_STDIO_EXT_H 1
| #define HAVE_STDINT_H 1
| #define HAVE_TIME_H 1
| #define HAVE_WCTYPE_H 1
| #define HAVE_SYS_CDEFS_H 1
| #define HAVE_SYS_MMAN_H 1
| #define HAVE_SYS_PARAM_H 1
| #define HAVE_SYS_STAT_H 1
| #define HAVE_SYS_UIO_H 1
| /* end confdefs.h.  */
| #include <stdio.h>
| #if HAVE_SYS_TYPES_H
| # include <sys/types.h>
| #endif
| #if HAVE_SYS_STAT_H
| # include <sys/stat.h>
| #endif
| #if STDC_HEADERS
| # include <stdlib.h>
| # include <stddef.h>
| #else
| # if HAVE_STDLIB_H
| #  include <stdlib.h>
| # endif
| #endif
| #if HAVE_STRING_H
| # if !STDC_HEADERS && HAVE_MEMORY_H
| #  include <memory.h>
| # endif
| # include <string.h>
| #endif
| #if HAVE_STRINGS_H
| # include <strings.h>
| #endif
| #if HAVE_INTTYPES_H
| # include <inttypes.h>
| #else
| # if HAVE_STDINT_H
| #  include <stdint.h>
| # endif
| #endif
| #if HAVE_UNISTD_H
| # include <unistd.h>
| #endif
| int
| main ()
| {
| if ((blksize_t *) 0)
|   return 0;
| if (sizeof (blksize_t))
|   return 0;
|   ;
|   return 0;
| }
configure:3335: result: no
configure:3345: checking for int_fast32_t
configure:3369: gcc -c -O2  conftest.c >&5
configure:3375: $? = 0
configure:3379: test -z 
			 || test ! -s conftest.err
configure:3382: $? = 0
configure:3385: test -s conftest.o
configure:3388: $? = 0
configure:3399: result: yes
configure:3409: checking for __compar_fn_t
configure:3434: gcc -c -O2  conftest.c >&5
configure:3440: $? = 0
configure:3444: test -z 
			 || test ! -s conftest.err
configure:3447: $? = 0
configure:3450: test -s conftest.o
configure:3453: $? = 0
configure:3464: result: yes
configure:3474: checking for comparison_fn_t
configure:3499: gcc -c -O2  conftest.c >&5
conftest.c: In function `main':
conftest.c:47: error: `comparison_fn_t' undeclared (first use in this function)
conftest.c:47: error: (Each undeclared identifier is reported only once
conftest.c:47: error: for each function it appears in.)
conftest.c:47: error: syntax error before ')' token
configure:3505: $? = 1
configure: failed program was:
| /* confdefs.h.  */
| 
| #define PACKAGE_NAME "glibc build-side support"
| #define PACKAGE_TARNAME "glibc-build-side-support"
| #define PACKAGE_VERSION "(see version.h)"
| #define PACKAGE_STRING "glibc build-side support (see version.h)"
| #define PACKAGE_BUGREPORT ""
| #define BUILD_BYTE_ORDER __LITTLE_ENDIAN
| #define STDC_HEADERS 1
| #define HAVE_SYS_TYPES_H 1
| #define HAVE_SYS_STAT_H 1
| #define HAVE_STDLIB_H 1
| #define HAVE_STRING_H 1
| #define HAVE_MEMORY_H 1
| #define HAVE_STRINGS_H 1
| #define HAVE_INTTYPES_H 1
| #define HAVE_STDINT_H 1
| #define HAVE_UNISTD_H 1
| #define HAVE_BYTESWAP_H 1
| #define HAVE_CTYPE_H 1
| #define HAVE_DIRENT_H 1
| #define HAVE_ENDIAN_H 1
| #define HAVE_FEATURES_H 1
| #define HAVE_FCNTL_H 1
| #define HAVE_INTTYPES_H 1
| #define HAVE_LIBINTL_H 1
| #define HAVE_MCHECK_H 1
| #define HAVE_NL_TYPES_H 1
| #define HAVE_STDBOOL_H 1
| #define HAVE_STDIO_EXT_H 1
| #define HAVE_STDINT_H 1
| #define HAVE_TIME_H 1
| #define HAVE_WCTYPE_H 1
| #define HAVE_SYS_CDEFS_H 1
| #define HAVE_SYS_MMAN_H 1
| #define HAVE_SYS_PARAM_H 1
| #define HAVE_SYS_STAT_H 1
| #define HAVE_SYS_UIO_H 1
| #define HAVE_INT_FAST32_T 1
| #define HAVE___COMPAR_FN_T 1
| /* end confdefs.h.  */
| #include <stdlib.h>
| 
| int
| main ()
| {
| if ((comparison_fn_t *) 0)
|   return 0;
| if (sizeof (comparison_fn_t))
|   return 0;
|   ;
|   return 0;
| }
configure:3529: result: no
configure:3539: checking whether readdir64 is declared
configure:3564: gcc -c -O2  conftest.c >&5
conftest.c: In function `main':
conftest.c:48: error: `readdir64' undeclared (first use in this function)
conftest.c:48: error: (Each undeclared identifier is reported only once
conftest.c:48: error: for each function it appears in.)
configure:3570: $? = 1
configure: failed program was:
| /* confdefs.h.  */
| 
| #define PACKAGE_NAME "glibc build-side support"
| #define PACKAGE_TARNAME "glibc-build-side-support"
| #define PACKAGE_VERSION "(see version.h)"
| #define PACKAGE_STRING "glibc build-side support (see version.h)"
| #define PACKAGE_BUGREPORT ""
| #define BUILD_BYTE_ORDER __LITTLE_ENDIAN
| #define STDC_HEADERS 1
| #define HAVE_SYS_TYPES_H 1
| #define HAVE_SYS_STAT_H 1
| #define HAVE_STDLIB_H 1
| #define HAVE_STRING_H 1
| #define HAVE_MEMORY_H 1
| #define HAVE_STRINGS_H 1
| #define HAVE_INTTYPES_H 1
| #define HAVE_STDINT_H 1
| #define HAVE_UNISTD_H 1
| #define HAVE_BYTESWAP_H 1
| #define HAVE_CTYPE_H 1
| #define HAVE_DIRENT_H 1
| #define HAVE_ENDIAN_H 1
| #define HAVE_FEATURES_H 1
| #define HAVE_FCNTL_H 1
| #define HAVE_INTTYPES_H 1
| #define HAVE_LIBINTL_H 1
| #define HAVE_MCHECK_H 1
| #define HAVE_NL_TYPES_H 1
| #define HAVE_STDBOOL_H 1
| #define HAVE_STDIO_EXT_H 1
| #define HAVE_STDINT_H 1
| #define HAVE_TIME_H 1
| #define HAVE_WCTYPE_H 1
| #define HAVE_SYS_CDEFS_H 1
| #define HAVE_SYS_MMAN_H 1
| #define HAVE_SYS_PARAM_H 1
| #define HAVE_SYS_STAT_H 1
| #define HAVE_SYS_UIO_H 1
| #define HAVE_INT_FAST32_T 1
| #define HAVE___COMPAR_FN_T 1
| /* end confdefs.h.  */
| #include <dirent.h>
| 
| int
| main ()
| {
| #ifndef readdir64
|   char *p = (char *) readdir64;
| #endif
| 
|   ;
|   return 0;
| }
configure:3594: result: no
configure:3604: checking whether stat64 is declared
configure:3629: gcc -c -O2  conftest.c >&5
conftest.c: In function `main':
conftest.c:48: error: `stat64' undeclared (first use in this function)
conftest.c:48: error: (Each undeclared identifier is reported only once
conftest.c:48: error: for each function it appears in.)
configure:3635: $? = 1
configure: failed program was:
| /* confdefs.h.  */
| 
| #define PACKAGE_NAME "glibc build-side support"
| #define PACKAGE_TARNAME "glibc-build-side-support"
| #define PACKAGE_VERSION "(see version.h)"
| #define PACKAGE_STRING "glibc build-side support (see version.h)"
| #define PACKAGE_BUGREPORT ""
| #define BUILD_BYTE_ORDER __LITTLE_ENDIAN
| #define STDC_HEADERS 1
| #define HAVE_SYS_TYPES_H 1
| #define HAVE_SYS_STAT_H 1
| #define HAVE_STDLIB_H 1
| #define HAVE_STRING_H 1
| #define HAVE_MEMORY_H 1
| #define HAVE_STRINGS_H 1
| #define HAVE_INTTYPES_H 1
| #define HAVE_STDINT_H 1
| #define HAVE_UNISTD_H 1
| #define HAVE_BYTESWAP_H 1
| #define HAVE_CTYPE_H 1
| #define HAVE_DIRENT_H 1
| #define HAVE_ENDIAN_H 1
| #define HAVE_FEATURES_H 1
| #define HAVE_FCNTL_H 1
| #define HAVE_INTTYPES_H 1
| #define HAVE_LIBINTL_H 1
| #define HAVE_MCHECK_H 1
| #define HAVE_NL_TYPES_H 1
| #define HAVE_STDBOOL_H 1
| #define HAVE_STDIO_EXT_H 1
| #define HAVE_STDINT_H 1
| #define HAVE_TIME_H 1
| #define HAVE_WCTYPE_H 1
| #define HAVE_SYS_CDEFS_H 1
| #define HAVE_SYS_MMAN_H 1
| #define HAVE_SYS_PARAM_H 1
| #define HAVE_SYS_STAT_H 1
| #define HAVE_SYS_UIO_H 1
| #define HAVE_INT_FAST32_T 1
| #define HAVE___COMPAR_FN_T 1
| /* end confdefs.h.  */
| #include <sys/stat.h>
| 
| int
| main ()
| {
| #ifndef stat64
|   char *p = (char *) stat64;
| #endif
| 
|   ;
|   return 0;
| }
configure:3659: result: no
configure:3669: checking whether ftruncate64 is declared
configure:3694: gcc -c -O2  conftest.c >&5
conftest.c: In function `main':
conftest.c:48: error: `ftruncate64' undeclared (first use in this function)
conftest.c:48: error: (Each undeclared identifier is reported only once
conftest.c:48: error: for each function it appears in.)
configure:3700: $? = 1
configure: failed program was:
| /* confdefs.h.  */
| 
| #define PACKAGE_NAME "glibc build-side support"
| #define PACKAGE_TARNAME "glibc-build-side-support"
| #define PACKAGE_VERSION "(see version.h)"
| #define PACKAGE_STRING "glibc build-side support (see version.h)"
| #define PACKAGE_BUGREPORT ""
| #define BUILD_BYTE_ORDER __LITTLE_ENDIAN
| #define STDC_HEADERS 1
| #define HAVE_SYS_TYPES_H 1
| #define HAVE_SYS_STAT_H 1
| #define HAVE_STDLIB_H 1
| #define HAVE_STRING_H 1
| #define HAVE_MEMORY_H 1
| #define HAVE_STRINGS_H 1
| #define HAVE_INTTYPES_H 1
| #define HAVE_STDINT_H 1
| #define HAVE_UNISTD_H 1
| #define HAVE_BYTESWAP_H 1
| #define HAVE_CTYPE_H 1
| #define HAVE_DIRENT_H 1
| #define HAVE_ENDIAN_H 1
| #define HAVE_FEATURES_H 1
| #define HAVE_FCNTL_H 1
| #define HAVE_INTTYPES_H 1
| #define HAVE_LIBINTL_H 1
| #define HAVE_MCHECK_H 1
| #define HAVE_NL_TYPES_H 1
| #define HAVE_STDBOOL_H 1
| #define HAVE_STDIO_EXT_H 1
| #define HAVE_STDINT_H 1
| #define HAVE_TIME_H 1
| #define HAVE_WCTYPE_H 1
| #define HAVE_SYS_CDEFS_H 1
| #define HAVE_SYS_MMAN_H 1
| #define HAVE_SYS_PARAM_H 1
| #define HAVE_SYS_STAT_H 1
| #define HAVE_SYS_UIO_H 1
| #define HAVE_INT_FAST32_T 1
| #define HAVE___COMPAR_FN_T 1
| /* end confdefs.h.  */
| #include <unistd.h>
| 
| int
| main ()
| {
| #ifndef ftruncate64
|   char *p = (char *) ftruncate64;
| #endif
| 
|   ;
|   return 0;
| }
configure:3724: result: no
configure:3734: checking whether lseek64 is declared
configure:3759: gcc -c -O2  conftest.c >&5
conftest.c: In function `main':
conftest.c:48: error: `lseek64' undeclared (first use in this function)
conftest.c:48: error: (Each undeclared identifier is reported only once
conftest.c:48: error: for each function it appears in.)
configure:3765: $? = 1
configure: failed program was:
| /* confdefs.h.  */
| 
| #define PACKAGE_NAME "glibc build-side support"
| #define PACKAGE_TARNAME "glibc-build-side-support"
| #define PACKAGE_VERSION "(see version.h)"
| #define PACKAGE_STRING "glibc build-side support (see version.h)"
| #define PACKAGE_BUGREPORT ""
| #define BUILD_BYTE_ORDER __LITTLE_ENDIAN
| #define STDC_HEADERS 1
| #define HAVE_SYS_TYPES_H 1
| #define HAVE_SYS_STAT_H 1
| #define HAVE_STDLIB_H 1
| #define HAVE_STRING_H 1
| #define HAVE_MEMORY_H 1
| #define HAVE_STRINGS_H 1
| #define HAVE_INTTYPES_H 1
| #define HAVE_STDINT_H 1
| #define HAVE_UNISTD_H 1
| #define HAVE_BYTESWAP_H 1
| #define HAVE_CTYPE_H 1
| #define HAVE_DIRENT_H 1
| #define HAVE_ENDIAN_H 1
| #define HAVE_FEATURES_H 1
| #define HAVE_FCNTL_H 1
| #define HAVE_INTTYPES_H 1
| #define HAVE_LIBINTL_H 1
| #define HAVE_MCHECK_H 1
| #define HAVE_NL_TYPES_H 1
| #define HAVE_STDBOOL_H 1
| #define HAVE_STDIO_EXT_H 1
| #define HAVE_STDINT_H 1
| #define HAVE_TIME_H 1
| #define HAVE_WCTYPE_H 1
| #define HAVE_SYS_CDEFS_H 1
| #define HAVE_SYS_MMAN_H 1
| #define HAVE_SYS_PARAM_H 1
| #define HAVE_SYS_STAT_H 1
| #define HAVE_SYS_UIO_H 1
| #define HAVE_INT_FAST32_T 1
| #define HAVE___COMPAR_FN_T 1
| /* end confdefs.h.  */
| #include <unistd.h>
| 
| int
| main ()
| {
| #ifndef lseek64
|   char *p = (char *) lseek64;
| #endif
| 
|   ;
|   return 0;
| }
configure:3789: result: no
configure:3799: checking whether euidaccess is declared
configure:3824: gcc -c -O2  conftest.c >&5
conftest.c: In function `main':
conftest.c:48: error: `euidaccess' undeclared (first use in this function)
conftest.c:48: error: (Each undeclared identifier is reported only once
conftest.c:48: error: for each function it appears in.)
configure:3830: $? = 1
configure: failed program was:
| /* confdefs.h.  */
| 
| #define PACKAGE_NAME "glibc build-side support"
| #define PACKAGE_TARNAME "glibc-build-side-support"
| #define PACKAGE_VERSION "(see version.h)"
| #define PACKAGE_STRING "glibc build-side support (see version.h)"
| #define PACKAGE_BUGREPORT ""
| #define BUILD_BYTE_ORDER __LITTLE_ENDIAN
| #define STDC_HEADERS 1
| #define HAVE_SYS_TYPES_H 1
| #define HAVE_SYS_STAT_H 1
| #define HAVE_STDLIB_H 1
| #define HAVE_STRING_H 1
| #define HAVE_MEMORY_H 1
| #define HAVE_STRINGS_H 1
| #define HAVE_INTTYPES_H 1
| #define HAVE_STDINT_H 1
| #define HAVE_UNISTD_H 1
| #define HAVE_BYTESWAP_H 1
| #define HAVE_CTYPE_H 1
| #define HAVE_DIRENT_H 1
| #define HAVE_ENDIAN_H 1
| #define HAVE_FEATURES_H 1
| #define HAVE_FCNTL_H 1
| #define HAVE_INTTYPES_H 1
| #define HAVE_LIBINTL_H 1
| #define HAVE_MCHECK_H 1
| #define HAVE_NL_TYPES_H 1
| #define HAVE_STDBOOL_H 1
| #define HAVE_STDIO_EXT_H 1
| #define HAVE_STDINT_H 1
| #define HAVE_TIME_H 1
| #define HAVE_WCTYPE_H 1
| #define HAVE_SYS_CDEFS_H 1
| #define HAVE_SYS_MMAN_H 1
| #define HAVE_SYS_PARAM_H 1
| #define HAVE_SYS_STAT_H 1
| #define HAVE_SYS_UIO_H 1
| #define HAVE_INT_FAST32_T 1
| #define HAVE___COMPAR_FN_T 1
| /* end confdefs.h.  */
| #include <unistd.h>
| 
| int
| main ()
| {
| #ifndef euidaccess
|   char *p = (char *) euidaccess;
| #endif
| 
|   ;
|   return 0;
| }
configure:3854: result: no
configure:3864: checking whether open64 is declared
configure:3889: gcc -c -O2  conftest.c >&5
conftest.c: In function `main':
conftest.c:48: error: `open64' undeclared (first use in this function)
conftest.c:48: error: (Each undeclared identifier is reported only once
conftest.c:48: error: for each function it appears in.)
configure:3895: $? = 1
configure: failed program was:
| /* confdefs.h.  */
| 
| #define PACKAGE_NAME "glibc build-side support"
| #define PACKAGE_TARNAME "glibc-build-side-support"
| #define PACKAGE_VERSION "(see version.h)"
| #define PACKAGE_STRING "glibc build-side support (see version.h)"
| #define PACKAGE_BUGREPORT ""
| #define BUILD_BYTE_ORDER __LITTLE_ENDIAN
| #define STDC_HEADERS 1
| #define HAVE_SYS_TYPES_H 1
| #define HAVE_SYS_STAT_H 1
| #define HAVE_STDLIB_H 1
| #define HAVE_STRING_H 1
| #define HAVE_MEMORY_H 1
| #define HAVE_STRINGS_H 1
| #define HAVE_INTTYPES_H 1
| #define HAVE_STDINT_H 1
| #define HAVE_UNISTD_H 1
| #define HAVE_BYTESWAP_H 1
| #define HAVE_CTYPE_H 1
| #define HAVE_DIRENT_H 1
| #define HAVE_ENDIAN_H 1
| #define HAVE_FEATURES_H 1
| #define HAVE_FCNTL_H 1
| #define HAVE_INTTYPES_H 1
| #define HAVE_LIBINTL_H 1
| #define HAVE_MCHECK_H 1
| #define HAVE_NL_TYPES_H 1
| #define HAVE_STDBOOL_H 1
| #define HAVE_STDIO_EXT_H 1
| #define HAVE_STDINT_H 1
| #define HAVE_TIME_H 1
| #define HAVE_WCTYPE_H 1
| #define HAVE_SYS_CDEFS_H 1
| #define HAVE_SYS_MMAN_H 1
| #define HAVE_SYS_PARAM_H 1
| #define HAVE_SYS_STAT_H 1
| #define HAVE_SYS_UIO_H 1
| #define HAVE_INT_FAST32_T 1
| #define HAVE___COMPAR_FN_T 1
| /* end confdefs.h.  */
| #include <fcntl.h>
| 
| int
| main ()
| {
| #ifndef open64
|   char *p = (char *) open64;
| #endif
| 
|   ;
|   return 0;
| }
configure:3919: result: no
configure:3929: checking whether mmap64 is declared
configure:3954: gcc -c -O2  conftest.c >&5
conftest.c: In function `main':
conftest.c:48: error: `mmap64' undeclared (first use in this function)
conftest.c:48: error: (Each undeclared identifier is reported only once
conftest.c:48: error: for each function it appears in.)
configure:3960: $? = 1
configure: failed program was:
| /* confdefs.h.  */
| 
| #define PACKAGE_NAME "glibc build-side support"
| #define PACKAGE_TARNAME "glibc-build-side-support"
| #define PACKAGE_VERSION "(see version.h)"
| #define PACKAGE_STRING "glibc build-side support (see version.h)"
| #define PACKAGE_BUGREPORT ""
| #define BUILD_BYTE_ORDER __LITTLE_ENDIAN
| #define STDC_HEADERS 1
| #define HAVE_SYS_TYPES_H 1
| #define HAVE_SYS_STAT_H 1
| #define HAVE_STDLIB_H 1
| #define HAVE_STRING_H 1
| #define HAVE_MEMORY_H 1
| #define HAVE_STRINGS_H 1
| #define HAVE_INTTYPES_H 1
| #define HAVE_STDINT_H 1
| #define HAVE_UNISTD_H 1
| #define HAVE_BYTESWAP_H 1
| #define HAVE_CTYPE_H 1
| #define HAVE_DIRENT_H 1
| #define HAVE_ENDIAN_H 1
| #define HAVE_FEATURES_H 1
| #define HAVE_FCNTL_H 1
| #define HAVE_INTTYPES_H 1
| #define HAVE_LIBINTL_H 1
| #define HAVE_MCHECK_H 1
| #define HAVE_NL_TYPES_H 1
| #define HAVE_STDBOOL_H 1
| #define HAVE_STDIO_EXT_H 1
| #define HAVE_STDINT_H 1
| #define HAVE_TIME_H 1
| #define HAVE_WCTYPE_H 1
| #define HAVE_SYS_CDEFS_H 1
| #define HAVE_SYS_MMAN_H 1
| #define HAVE_SYS_PARAM_H 1
| #define HAVE_SYS_STAT_H 1
| #define HAVE_SYS_UIO_H 1
| #define HAVE_INT_FAST32_T 1
| #define HAVE___COMPAR_FN_T 1
| /* end confdefs.h.  */
| #include <sys/mman.h>
| 
| int
| main ()
| {
| #ifndef mmap64
|   char *p = (char *) mmap64;
| #endif
| 
|   ;
|   return 0;
| }
configure:3984: result: no
configure:3994: checking whether vprintf is declared
configure:4019: gcc -c -O2  conftest.c >&5
configure:4025: $? = 0
configure:4029: test -z 
			 || test ! -s conftest.err
configure:4032: $? = 0
configure:4035: test -s conftest.o
configure:4038: $? = 0
configure:4049: result: yes
configure:4059: checking whether obstack_printf is declared
configure:4084: gcc -c -O2  conftest.c >&5
conftest.c: In function `main':
conftest.c:49: error: `obstack_printf' undeclared (first use in this function)
conftest.c:49: error: (Each undeclared identifier is reported only once
conftest.c:49: error: for each function it appears in.)
configure:4090: $? = 1
configure: failed program was:
| /* confdefs.h.  */
| 
| #define PACKAGE_NAME "glibc build-side support"
| #define PACKAGE_TARNAME "glibc-build-side-support"
| #define PACKAGE_VERSION "(see version.h)"
| #define PACKAGE_STRING "glibc build-side support (see version.h)"
| #define PACKAGE_BUGREPORT ""
| #define BUILD_BYTE_ORDER __LITTLE_ENDIAN
| #define STDC_HEADERS 1
| #define HAVE_SYS_TYPES_H 1
| #define HAVE_SYS_STAT_H 1
| #define HAVE_STDLIB_H 1
| #define HAVE_STRING_H 1
| #define HAVE_MEMORY_H 1
| #define HAVE_STRINGS_H 1
| #define HAVE_INTTYPES_H 1
| #define HAVE_STDINT_H 1
| #define HAVE_UNISTD_H 1
| #define HAVE_BYTESWAP_H 1
| #define HAVE_CTYPE_H 1
| #define HAVE_DIRENT_H 1
| #define HAVE_ENDIAN_H 1
| #define HAVE_FEATURES_H 1
| #define HAVE_FCNTL_H 1
| #define HAVE_INTTYPES_H 1
| #define HAVE_LIBINTL_H 1
| #define HAVE_MCHECK_H 1
| #define HAVE_NL_TYPES_H 1
| #define HAVE_STDBOOL_H 1
| #define HAVE_STDIO_EXT_H 1
| #define HAVE_STDINT_H 1
| #define HAVE_TIME_H 1
| #define HAVE_WCTYPE_H 1
| #define HAVE_SYS_CDEFS_H 1
| #define HAVE_SYS_MMAN_H 1
| #define HAVE_SYS_PARAM_H 1
| #define HAVE_SYS_STAT_H 1
| #define HAVE_SYS_UIO_H 1
| #define HAVE_INT_FAST32_T 1
| #define HAVE___COMPAR_FN_T 1
| #define HAVE_VPRINTF 1
| /* end confdefs.h.  */
| #include <stdio.h>
| 
| int
| main ()
| {
| #ifndef obstack_printf
|   char *p = (char *) obstack_printf;
| #endif
| 
|   ;
|   return 0;
| }
configure:4114: result: no
configure:4124: checking whether getdelim is declared
configure:4149: gcc -c -O2  conftest.c >&5
conftest.c: In function `main':
conftest.c:49: error: `getdelim' undeclared (first use in this function)
conftest.c:49: error: (Each undeclared identifier is reported only once
conftest.c:49: error: for each function it appears in.)
configure:4155: $? = 1
configure: failed program was:
| /* confdefs.h.  */
| 
| #define PACKAGE_NAME "glibc build-side support"
| #define PACKAGE_TARNAME "glibc-build-side-support"
| #define PACKAGE_VERSION "(see version.h)"
| #define PACKAGE_STRING "glibc build-side support (see version.h)"
| #define PACKAGE_BUGREPORT ""
| #define BUILD_BYTE_ORDER __LITTLE_ENDIAN
| #define STDC_HEADERS 1
| #define HAVE_SYS_TYPES_H 1
| #define HAVE_SYS_STAT_H 1
| #define HAVE_STDLIB_H 1
| #define HAVE_STRING_H 1
| #define HAVE_MEMORY_H 1
| #define HAVE_STRINGS_H 1
| #define HAVE_INTTYPES_H 1
| #define HAVE_STDINT_H 1
| #define HAVE_UNISTD_H 1
| #define HAVE_BYTESWAP_H 1
| #define HAVE_CTYPE_H 1
| #define HAVE_DIRENT_H 1
| #define HAVE_ENDIAN_H 1
| #define HAVE_FEATURES_H 1
| #define HAVE_FCNTL_H 1
| #define HAVE_INTTYPES_H 1
| #define HAVE_LIBINTL_H 1
| #define HAVE_MCHECK_H 1
| #define HAVE_NL_TYPES_H 1
| #define HAVE_STDBOOL_H 1
| #define HAVE_STDIO_EXT_H 1
| #define HAVE_STDINT_H 1
| #define HAVE_TIME_H 1
| #define HAVE_WCTYPE_H 1
| #define HAVE_SYS_CDEFS_H 1
| #define HAVE_SYS_MMAN_H 1
| #define HAVE_SYS_PARAM_H 1
| #define HAVE_SYS_STAT_H 1
| #define HAVE_SYS_UIO_H 1
| #define HAVE_INT_FAST32_T 1
| #define HAVE___COMPAR_FN_T 1
| #define HAVE_VPRINTF 1
| /* end confdefs.h.  */
| #include <stdio.h>
| 
| int
| main ()
| {
| #ifndef getdelim
|   char *p = (char *) getdelim;
| #endif
| 
|   ;
|   return 0;
| }
configure:4179: result: no
configure:4189: checking whether asprintf is declared
configure:4214: gcc -c -O2  conftest.c >&5
conftest.c: In function `main':
conftest.c:49: error: `asprintf' undeclared (first use in this function)
conftest.c:49: error: (Each undeclared identifier is reported only once
conftest.c:49: error: for each function it appears in.)
configure:4220: $? = 1
configure: failed program was:
| /* confdefs.h.  */
| 
| #define PACKAGE_NAME "glibc build-side support"
| #define PACKAGE_TARNAME "glibc-build-side-support"
| #define PACKAGE_VERSION "(see version.h)"
| #define PACKAGE_STRING "glibc build-side support (see version.h)"
| #define PACKAGE_BUGREPORT ""
| #define BUILD_BYTE_ORDER __LITTLE_ENDIAN
| #define STDC_HEADERS 1
| #define HAVE_SYS_TYPES_H 1
| #define HAVE_SYS_STAT_H 1
| #define HAVE_STDLIB_H 1
| #define HAVE_STRING_H 1
| #define HAVE_MEMORY_H 1
| #define HAVE_STRINGS_H 1
| #define HAVE_INTTYPES_H 1
| #define HAVE_STDINT_H 1
| #define HAVE_UNISTD_H 1
| #define HAVE_BYTESWAP_H 1
| #define HAVE_CTYPE_H 1
| #define HAVE_DIRENT_H 1
| #define HAVE_ENDIAN_H 1
| #define HAVE_FEATURES_H 1
| #define HAVE_FCNTL_H 1
| #define HAVE_INTTYPES_H 1
| #define HAVE_LIBINTL_H 1
| #define HAVE_MCHECK_H 1
| #define HAVE_NL_TYPES_H 1
| #define HAVE_STDBOOL_H 1
| #define HAVE_STDIO_EXT_H 1
| #define HAVE_STDINT_H 1
| #define HAVE_TIME_H 1
| #define HAVE_WCTYPE_H 1
| #define HAVE_SYS_CDEFS_H 1
| #define HAVE_SYS_MMAN_H 1
| #define HAVE_SYS_PARAM_H 1
| #define HAVE_SYS_STAT_H 1
| #define HAVE_SYS_UIO_H 1
| #define HAVE_INT_FAST32_T 1
| #define HAVE___COMPAR_FN_T 1
| #define HAVE_VPRINTF 1
| /* end confdefs.h.  */
| #include <stdio.h>
| 
| int
| main ()
| {
| #ifndef asprintf
|   char *p = (char *) asprintf;
| #endif
| 
|   ;
|   return 0;
| }
configure:4244: result: no
configure:4254: checking whether vasprintf is declared
configure:4279: gcc -c -O2  conftest.c >&5
conftest.c: In function `main':
conftest.c:49: error: `vasprintf' undeclared (first use in this function)
conftest.c:49: error: (Each undeclared identifier is reported only once
conftest.c:49: error: for each function it appears in.)
configure:4285: $? = 1
configure: failed program was:
| /* confdefs.h.  */
| 
| #define PACKAGE_NAME "glibc build-side support"
| #define PACKAGE_TARNAME "glibc-build-side-support"
| #define PACKAGE_VERSION "(see version.h)"
| #define PACKAGE_STRING "glibc build-side support (see version.h)"
| #define PACKAGE_BUGREPORT ""
| #define BUILD_BYTE_ORDER __LITTLE_ENDIAN
| #define STDC_HEADERS 1
| #define HAVE_SYS_TYPES_H 1
| #define HAVE_SYS_STAT_H 1
| #define HAVE_STDLIB_H 1
| #define HAVE_STRING_H 1
| #define HAVE_MEMORY_H 1
| #define HAVE_STRINGS_H 1
| #define HAVE_INTTYPES_H 1
| #define HAVE_STDINT_H 1
| #define HAVE_UNISTD_H 1
| #define HAVE_BYTESWAP_H 1
| #define HAVE_CTYPE_H 1
| #define HAVE_DIRENT_H 1
| #define HAVE_ENDIAN_H 1
| #define HAVE_FEATURES_H 1
| #define HAVE_FCNTL_H 1
| #define HAVE_INTTYPES_H 1
| #define HAVE_LIBINTL_H 1
| #define HAVE_MCHECK_H 1
| #define HAVE_NL_TYPES_H 1
| #define HAVE_STDBOOL_H 1
| #define HAVE_STDIO_EXT_H 1
| #define HAVE_STDINT_H 1
| #define HAVE_TIME_H 1
| #define HAVE_WCTYPE_H 1
| #define HAVE_SYS_CDEFS_H 1
| #define HAVE_SYS_MMAN_H 1
| #define HAVE_SYS_PARAM_H 1
| #define HAVE_SYS_STAT_H 1
| #define HAVE_SYS_UIO_H 1
| #define HAVE_INT_FAST32_T 1
| #define HAVE___COMPAR_FN_T 1
| #define HAVE_VPRINTF 1
| /* end confdefs.h.  */
| #include <stdio.h>
| 
| int
| main ()
| {
| #ifndef vasprintf
|   char *p = (char *) vasprintf;
| #endif
| 
|   ;
|   return 0;
| }
configure:4309: result: no
configure:4319: checking whether mempcpy is declared
configure:4344: gcc -c -O2  conftest.c >&5
conftest.c: In function `main':
conftest.c:49: error: `mempcpy' undeclared (first use in this function)
conftest.c:49: error: (Each undeclared identifier is reported only once
conftest.c:49: error: for each function it appears in.)
configure:4350: $? = 1
configure: failed program was:
| /* confdefs.h.  */
| 
| #define PACKAGE_NAME "glibc build-side support"
| #define PACKAGE_TARNAME "glibc-build-side-support"
| #define PACKAGE_VERSION "(see version.h)"
| #define PACKAGE_STRING "glibc build-side support (see version.h)"
| #define PACKAGE_BUGREPORT ""
| #define BUILD_BYTE_ORDER __LITTLE_ENDIAN
| #define STDC_HEADERS 1
| #define HAVE_SYS_TYPES_H 1
| #define HAVE_SYS_STAT_H 1
| #define HAVE_STDLIB_H 1
| #define HAVE_STRING_H 1
| #define HAVE_MEMORY_H 1
| #define HAVE_STRINGS_H 1
| #define HAVE_INTTYPES_H 1
| #define HAVE_STDINT_H 1
| #define HAVE_UNISTD_H 1
| #define HAVE_BYTESWAP_H 1
| #define HAVE_CTYPE_H 1
| #define HAVE_DIRENT_H 1
| #define HAVE_ENDIAN_H 1
| #define HAVE_FEATURES_H 1
| #define HAVE_FCNTL_H 1
| #define HAVE_INTTYPES_H 1
| #define HAVE_LIBINTL_H 1
| #define HAVE_MCHECK_H 1
| #define HAVE_NL_TYPES_H 1
| #define HAVE_STDBOOL_H 1
| #define HAVE_STDIO_EXT_H 1
| #define HAVE_STDINT_H 1
| #define HAVE_TIME_H 1
| #define HAVE_WCTYPE_H 1
| #define HAVE_SYS_CDEFS_H 1
| #define HAVE_SYS_MMAN_H 1
| #define HAVE_SYS_PARAM_H 1
| #define HAVE_SYS_STAT_H 1
| #define HAVE_SYS_UIO_H 1
| #define HAVE_INT_FAST32_T 1
| #define HAVE___COMPAR_FN_T 1
| #define HAVE_VPRINTF 1
| /* end confdefs.h.  */
| #include <string.h>
| 
| int
| main ()
| {
| #ifndef mempcpy
|   char *p = (char *) mempcpy;
| #endif
| 
|   ;
|   return 0;
| }
configure:4374: result: no
configure:4384: checking whether strchrnul is declared
configure:4409: gcc -c -O2  conftest.c >&5
conftest.c: In function `main':
conftest.c:49: error: `strchrnul' undeclared (first use in this function)
conftest.c:49: error: (Each undeclared identifier is reported only once
conftest.c:49: error: for each function it appears in.)
configure:4415: $? = 1
configure: failed program was:
| /* confdefs.h.  */
| 
| #define PACKAGE_NAME "glibc build-side support"
| #define PACKAGE_TARNAME "glibc-build-side-support"
| #define PACKAGE_VERSION "(see version.h)"
| #define PACKAGE_STRING "glibc build-side support (see version.h)"
| #define PACKAGE_BUGREPORT ""
| #define BUILD_BYTE_ORDER __LITTLE_ENDIAN
| #define STDC_HEADERS 1
| #define HAVE_SYS_TYPES_H 1
| #define HAVE_SYS_STAT_H 1
| #define HAVE_STDLIB_H 1
| #define HAVE_STRING_H 1
| #define HAVE_MEMORY_H 1
| #define HAVE_STRINGS_H 1
| #define HAVE_INTTYPES_H 1
| #define HAVE_STDINT_H 1
| #define HAVE_UNISTD_H 1
| #define HAVE_BYTESWAP_H 1
| #define HAVE_CTYPE_H 1
| #define HAVE_DIRENT_H 1
| #define HAVE_ENDIAN_H 1
| #define HAVE_FEATURES_H 1
| #define HAVE_FCNTL_H 1
| #define HAVE_INTTYPES_H 1
| #define HAVE_LIBINTL_H 1
| #define HAVE_MCHECK_H 1
| #define HAVE_NL_TYPES_H 1
| #define HAVE_STDBOOL_H 1
| #define HAVE_STDIO_EXT_H 1
| #define HAVE_STDINT_H 1
| #define HAVE_TIME_H 1
| #define HAVE_WCTYPE_H 1
| #define HAVE_SYS_CDEFS_H 1
| #define HAVE_SYS_MMAN_H 1
| #define HAVE_SYS_PARAM_H 1
| #define HAVE_SYS_STAT_H 1
| #define HAVE_SYS_UIO_H 1
| #define HAVE_INT_FAST32_T 1
| #define HAVE___COMPAR_FN_T 1
| #define HAVE_VPRINTF 1
| /* end confdefs.h.  */
| #include <string.h>
| 
| int
| main ()
| {
| #ifndef strchrnul
|   char *p = (char *) strchrnul;
| #endif
| 
|   ;
|   return 0;
| }
configure:4439: result: no
configure:4449: checking whether strndup is declared
configure:4474: gcc -c -O2  conftest.c >&5
conftest.c: In function `main':
conftest.c:49: error: `strndup' undeclared (first use in this function)
conftest.c:49: error: (Each undeclared identifier is reported only once
conftest.c:49: error: for each function it appears in.)
configure:4480: $? = 1
configure: failed program was:
| /* confdefs.h.  */
| 
| #define PACKAGE_NAME "glibc build-side support"
| #define PACKAGE_TARNAME "glibc-build-side-support"
| #define PACKAGE_VERSION "(see version.h)"
| #define PACKAGE_STRING "glibc build-side support (see version.h)"
| #define PACKAGE_BUGREPORT ""
| #define BUILD_BYTE_ORDER __LITTLE_ENDIAN
| #define STDC_HEADERS 1
| #define HAVE_SYS_TYPES_H 1
| #define HAVE_SYS_STAT_H 1
| #define HAVE_STDLIB_H 1
| #define HAVE_STRING_H 1
| #define HAVE_MEMORY_H 1
| #define HAVE_STRINGS_H 1
| #define HAVE_INTTYPES_H 1
| #define HAVE_STDINT_H 1
| #define HAVE_UNISTD_H 1
| #define HAVE_BYTESWAP_H 1
| #define HAVE_CTYPE_H 1
| #define HAVE_DIRENT_H 1
| #define HAVE_ENDIAN_H 1
| #define HAVE_FEATURES_H 1
| #define HAVE_FCNTL_H 1
| #define HAVE_INTTYPES_H 1
| #define HAVE_LIBINTL_H 1
| #define HAVE_MCHECK_H 1
| #define HAVE_NL_TYPES_H 1
| #define HAVE_STDBOOL_H 1
| #define HAVE_STDIO_EXT_H 1
| #define HAVE_STDINT_H 1
| #define HAVE_TIME_H 1
| #define HAVE_WCTYPE_H 1
| #define HAVE_SYS_CDEFS_H 1
| #define HAVE_SYS_MMAN_H 1
| #define HAVE_SYS_PARAM_H 1
| #define HAVE_SYS_STAT_H 1
| #define HAVE_SYS_UIO_H 1
| #define HAVE_INT_FAST32_T 1
| #define HAVE___COMPAR_FN_T 1
| #define HAVE_VPRINTF 1
| /* end confdefs.h.  */
| #include <string.h>
| 
| int
| main ()
| {
| #ifndef strndup
|   char *p = (char *) strndup;
| #endif
| 
|   ;
|   return 0;
| }
configure:4504: result: no
configure:4514: checking whether stpcpy is declared
configure:4539: gcc -c -O2  conftest.c >&5
conftest.c: In function `main':
conftest.c:49: error: `stpcpy' undeclared (first use in this function)
conftest.c:49: error: (Each undeclared identifier is reported only once
conftest.c:49: error: for each function it appears in.)
configure:4545: $? = 1
configure: failed program was:
| /* confdefs.h.  */
| 
| #define PACKAGE_NAME "glibc build-side support"
| #define PACKAGE_TARNAME "glibc-build-side-support"
| #define PACKAGE_VERSION "(see version.h)"
| #define PACKAGE_STRING "glibc build-side support (see version.h)"
| #define PACKAGE_BUGREPORT ""
| #define BUILD_BYTE_ORDER __LITTLE_ENDIAN
| #define STDC_HEADERS 1
| #define HAVE_SYS_TYPES_H 1
| #define HAVE_SYS_STAT_H 1
| #define HAVE_STDLIB_H 1
| #define HAVE_STRING_H 1
| #define HAVE_MEMORY_H 1
| #define HAVE_STRINGS_H 1
| #define HAVE_INTTYPES_H 1
| #define HAVE_STDINT_H 1
| #define HAVE_UNISTD_H 1
| #define HAVE_BYTESWAP_H 1
| #define HAVE_CTYPE_H 1
| #define HAVE_DIRENT_H 1
| #define HAVE_ENDIAN_H 1
| #define HAVE_FEATURES_H 1
| #define HAVE_FCNTL_H 1
| #define HAVE_INTTYPES_H 1
| #define HAVE_LIBINTL_H 1
| #define HAVE_MCHECK_H 1
| #define HAVE_NL_TYPES_H 1
| #define HAVE_STDBOOL_H 1
| #define HAVE_STDIO_EXT_H 1
| #define HAVE_STDINT_H 1
| #define HAVE_TIME_H 1
| #define HAVE_WCTYPE_H 1
| #define HAVE_SYS_CDEFS_H 1
| #define HAVE_SYS_MMAN_H 1
| #define HAVE_SYS_PARAM_H 1
| #define HAVE_SYS_STAT_H 1
| #define HAVE_SYS_UIO_H 1
| #define HAVE_INT_FAST32_T 1
| #define HAVE___COMPAR_FN_T 1
| #define HAVE_VPRINTF 1
| /* end confdefs.h.  */
| #include <string.h>
| 
| int
| main ()
| {
| #ifndef stpcpy
|   char *p = (char *) stpcpy;
| #endif
| 
|   ;
|   return 0;
| }
configure:4569: result: no
configure:4579: checking whether strsep is declared
configure:4604: gcc -c -O2  conftest.c >&5
configure:4610: $? = 0
configure:4614: test -z 
			 || test ! -s conftest.err
configure:4617: $? = 0
configure:4620: test -s conftest.o
configure:4623: $? = 0
configure:4634: result: yes
configure:4644: checking whether program_invocation_name is declared
configure:4669: gcc -c -O2  conftest.c >&5
conftest.c: In function `main':
conftest.c:50: error: `program_invocation_name' undeclared (first use in this function)
conftest.c:50: error: (Each undeclared identifier is reported only once
conftest.c:50: error: for each function it appears in.)
configure:4675: $? = 1
configure: failed program was:
| /* confdefs.h.  */
| 
| #define PACKAGE_NAME "glibc build-side support"
| #define PACKAGE_TARNAME "glibc-build-side-support"
| #define PACKAGE_VERSION "(see version.h)"
| #define PACKAGE_STRING "glibc build-side support (see version.h)"
| #define PACKAGE_BUGREPORT ""
| #define BUILD_BYTE_ORDER __LITTLE_ENDIAN
| #define STDC_HEADERS 1
| #define HAVE_SYS_TYPES_H 1
| #define HAVE_SYS_STAT_H 1
| #define HAVE_STDLIB_H 1
| #define HAVE_STRING_H 1
| #define HAVE_MEMORY_H 1
| #define HAVE_STRINGS_H 1
| #define HAVE_INTTYPES_H 1
| #define HAVE_STDINT_H 1
| #define HAVE_UNISTD_H 1
| #define HAVE_BYTESWAP_H 1
| #define HAVE_CTYPE_H 1
| #define HAVE_DIRENT_H 1
| #define HAVE_ENDIAN_H 1
| #define HAVE_FEATURES_H 1
| #define HAVE_FCNTL_H 1
| #define HAVE_INTTYPES_H 1
| #define HAVE_LIBINTL_H 1
| #define HAVE_MCHECK_H 1
| #define HAVE_NL_TYPES_H 1
| #define HAVE_STDBOOL_H 1
| #define HAVE_STDIO_EXT_H 1
| #define HAVE_STDINT_H 1
| #define HAVE_TIME_H 1
| #define HAVE_WCTYPE_H 1
| #define HAVE_SYS_CDEFS_H 1
| #define HAVE_SYS_MMAN_H 1
| #define HAVE_SYS_PARAM_H 1
| #define HAVE_SYS_STAT_H 1
| #define HAVE_SYS_UIO_H 1
| #define HAVE_INT_FAST32_T 1
| #define HAVE___COMPAR_FN_T 1
| #define HAVE_VPRINTF 1
| #define HAVE_STRSEP 1
| /* end confdefs.h.  */
| #include <errno.h>
| 
| int
| main ()
| {
| #ifndef program_invocation_name
|   char *p = (char *) program_invocation_name;
| #endif
| 
|   ;
|   return 0;
| }
configure:4699: result: no
configure:4709: checking whether program_invocation_short_name is declared
configure:4734: gcc -c -O2  conftest.c >&5
conftest.c: In function `main':
conftest.c:50: error: `program_invocation_short_name' undeclared (first use in this function)
conftest.c:50: error: (Each undeclared identifier is reported only once
conftest.c:50: error: for each function it appears in.)
configure:4740: $? = 1
configure: failed program was:
| /* confdefs.h.  */
| 
| #define PACKAGE_NAME "glibc build-side support"
| #define PACKAGE_TARNAME "glibc-build-side-support"
| #define PACKAGE_VERSION "(see version.h)"
| #define PACKAGE_STRING "glibc build-side support (see version.h)"
| #define PACKAGE_BUGREPORT ""
| #define BUILD_BYTE_ORDER __LITTLE_ENDIAN
| #define STDC_HEADERS 1
| #define HAVE_SYS_TYPES_H 1
| #define HAVE_SYS_STAT_H 1
| #define HAVE_STDLIB_H 1
| #define HAVE_STRING_H 1
| #define HAVE_MEMORY_H 1
| #define HAVE_STRINGS_H 1
| #define HAVE_INTTYPES_H 1
| #define HAVE_STDINT_H 1
| #define HAVE_UNISTD_H 1
| #define HAVE_BYTESWAP_H 1
| #define HAVE_CTYPE_H 1
| #define HAVE_DIRENT_H 1
| #define HAVE_ENDIAN_H 1
| #define HAVE_FEATURES_H 1
| #define HAVE_FCNTL_H 1
| #define HAVE_INTTYPES_H 1
| #define HAVE_LIBINTL_H 1
| #define HAVE_MCHECK_H 1
| #define HAVE_NL_TYPES_H 1
| #define HAVE_STDBOOL_H 1
| #define HAVE_STDIO_EXT_H 1
| #define HAVE_STDINT_H 1
| #define HAVE_TIME_H 1
| #define HAVE_WCTYPE_H 1
| #define HAVE_SYS_CDEFS_H 1
| #define HAVE_SYS_MMAN_H 1
| #define HAVE_SYS_PARAM_H 1
| #define HAVE_SYS_STAT_H 1
| #define HAVE_SYS_UIO_H 1
| #define HAVE_INT_FAST32_T 1
| #define HAVE___COMPAR_FN_T 1
| #define HAVE_VPRINTF 1
| #define HAVE_STRSEP 1
| /* end confdefs.h.  */
| #include <errno.h>
| 
| int
| main ()
| {
| #ifndef program_invocation_short_name
|   char *p = (char *) program_invocation_short_name;
| #endif
| 
|   ;
|   return 0;
| }
configure:4764: result: no
configure:4775: checking for gettext in -lintl
configure:4805: gcc -o conftest -O2   conftest.c -lintl   >&5
conftest.c:51: warning: conflicting types for built-in function 'gettext'
/usr/bin/ld: cannot find -lintl
collect2: ld returned 1 exit status
configure:4811: $? = 1
configure: failed program was:
| /* confdefs.h.  */
| 
| #define PACKAGE_NAME "glibc build-side support"
| #define PACKAGE_TARNAME "glibc-build-side-support"
| #define PACKAGE_VERSION "(see version.h)"
| #define PACKAGE_STRING "glibc build-side support (see version.h)"
| #define PACKAGE_BUGREPORT ""
| #define BUILD_BYTE_ORDER __LITTLE_ENDIAN
| #define STDC_HEADERS 1
| #define HAVE_SYS_TYPES_H 1
| #define HAVE_SYS_STAT_H 1
| #define HAVE_STDLIB_H 1
| #define HAVE_STRING_H 1
| #define HAVE_MEMORY_H 1
| #define HAVE_STRINGS_H 1
| #define HAVE_INTTYPES_H 1
| #define HAVE_STDINT_H 1
| #define HAVE_UNISTD_H 1
| #define HAVE_BYTESWAP_H 1
| #define HAVE_CTYPE_H 1
| #define HAVE_DIRENT_H 1
| #define HAVE_ENDIAN_H 1
| #define HAVE_FEATURES_H 1
| #define HAVE_FCNTL_H 1
| #define HAVE_INTTYPES_H 1
| #define HAVE_LIBINTL_H 1
| #define HAVE_MCHECK_H 1
| #define HAVE_NL_TYPES_H 1
| #define HAVE_STDBOOL_H 1
| #define HAVE_STDIO_EXT_H 1
| #define HAVE_STDINT_H 1
| #define HAVE_TIME_H 1
| #define HAVE_WCTYPE_H 1
| #define HAVE_SYS_CDEFS_H 1
| #define HAVE_SYS_MMAN_H 1
| #define HAVE_SYS_PARAM_H 1
| #define HAVE_SYS_STAT_H 1
| #define HAVE_SYS_UIO_H 1
| #define HAVE_INT_FAST32_T 1
| #define HAVE___COMPAR_FN_T 1
| #define HAVE_VPRINTF 1
| #define HAVE_STRSEP 1
| /* end confdefs.h.  */
| 
| /* Override any gcc2 internal prototype to avoid an error.  */
| #ifdef __cplusplus
| extern "C"
| #endif
| /* We use char because int might match the return type of a gcc2
|    builtin and then its argument prototype would still apply.  */
| char gettext ();
| int
| main ()
| {
| gettext ();
|   ;
|   return 0;
| }
configure:4837: result: no
configure:4849: checking for nanosleep in -lposix4
configure:4879: gcc -o conftest -O2   conftest.c -lposix4   >&5
/usr/bin/ld: cannot find -lposix4
collect2: ld returned 1 exit status
configure:4885: $? = 1
configure: failed program was:
| /* confdefs.h.  */
| 
| #define PACKAGE_NAME "glibc build-side support"
| #define PACKAGE_TARNAME "glibc-build-side-support"
| #define PACKAGE_VERSION "(see version.h)"
| #define PACKAGE_STRING "glibc build-side support (see version.h)"
| #define PACKAGE_BUGREPORT ""
| #define BUILD_BYTE_ORDER __LITTLE_ENDIAN
| #define STDC_HEADERS 1
| #define HAVE_SYS_TYPES_H 1
| #define HAVE_SYS_STAT_H 1
| #define HAVE_STDLIB_H 1
| #define HAVE_STRING_H 1
| #define HAVE_MEMORY_H 1
| #define HAVE_STRINGS_H 1
| #define HAVE_INTTYPES_H 1
| #define HAVE_STDINT_H 1
| #define HAVE_UNISTD_H 1
| #define HAVE_BYTESWAP_H 1
| #define HAVE_CTYPE_H 1
| #define HAVE_DIRENT_H 1
| #define HAVE_ENDIAN_H 1
| #define HAVE_FEATURES_H 1
| #define HAVE_FCNTL_H 1
| #define HAVE_INTTYPES_H 1
| #define HAVE_LIBINTL_H 1
| #define HAVE_MCHECK_H 1
| #define HAVE_NL_TYPES_H 1
| #define HAVE_STDBOOL_H 1
| #define HAVE_STDIO_EXT_H 1
| #define HAVE_STDINT_H 1
| #define HAVE_TIME_H 1
| #define HAVE_WCTYPE_H 1
| #define HAVE_SYS_CDEFS_H 1
| #define HAVE_SYS_MMAN_H 1
| #define HAVE_SYS_PARAM_H 1
| #define HAVE_SYS_STAT_H 1
| #define HAVE_SYS_UIO_H 1
| #define HAVE_INT_FAST32_T 1
| #define HAVE___COMPAR_FN_T 1
| #define HAVE_VPRINTF 1
| #define HAVE_STRSEP 1
| /* end confdefs.h.  */
| 
| /* Override any gcc2 internal prototype to avoid an error.  */
| #ifdef __cplusplus
| extern "C"
| #endif
| /* We use char because int might match the return type of a gcc2
|    builtin and then its argument prototype would still apply.  */
| char nanosleep ();
| int
| main ()
| {
| nanosleep ();
|   ;
|   return 0;
| }
configure:4911: result: no
configure:5026: creating ./config.status

## ---------------------- ##
## Running config.status. ##
## ---------------------- ##

This file was extended by glibc build-side support config.status (see version.h), which was
generated by GNU Autoconf 2.59.  Invocation command line was

  CONFIG_FILES    = 
  CONFIG_HEADERS  = 
  CONFIG_LINKS    = 
  CONFIG_COMMANDS = 
  $ ./config.status 

on localhost.localdomain

config.status:646: creating Makefile
config.status:749: creating config.h

## ---------------- ##
## Cache variables. ##
## ---------------- ##

ac_cv_build=i686-pc-linux-gnu
ac_cv_build_alias=i686-pc-linux-gnu
ac_cv_c_bigendian=no
ac_cv_c_compiler_gnu=yes
ac_cv_env_CC_set=set
ac_cv_env_CC_value=gcc
ac_cv_env_CFLAGS_set=set
ac_cv_env_CFLAGS_value=-O2
ac_cv_env_CPPFLAGS_set=
ac_cv_env_CPPFLAGS_value=
ac_cv_env_CPP_set=set
ac_cv_env_CPP_value=cpp
ac_cv_env_LDFLAGS_set=set
ac_cv_env_LDFLAGS_value=
ac_cv_env_build_alias_set=
ac_cv_env_build_alias_value=
ac_cv_env_host_alias_set=
ac_cv_env_host_alias_value=
ac_cv_env_target_alias_set=
ac_cv_env_target_alias_value=
ac_cv_exeext=
ac_cv_have_decl_asprintf=no
ac_cv_have_decl_euidaccess=no
ac_cv_have_decl_ftruncate64=no
ac_cv_have_decl_getdelim=no
ac_cv_have_decl_lseek64=no
ac_cv_have_decl_mempcpy=no
ac_cv_have_decl_mmap64=no
ac_cv_have_decl_obstack_printf=no
ac_cv_have_decl_open64=no
ac_cv_have_decl_program_invocation_name=no
ac_cv_have_decl_program_invocation_short_name=no
ac_cv_have_decl_readdir64=no
ac_cv_have_decl_stat64=no
ac_cv_have_decl_stpcpy=no
ac_cv_have_decl_strchrnul=no
ac_cv_have_decl_strndup=no
ac_cv_have_decl_strsep=yes
ac_cv_have_decl_vasprintf=no
ac_cv_have_decl_vprintf=yes
ac_cv_header_byteswap_h=yes
ac_cv_header_ctype_h=yes
ac_cv_header_dirent_h=yes
ac_cv_header_endian_h=yes
ac_cv_header_fcntl_h=yes
ac_cv_header_features_h=yes
ac_cv_header_inttypes_h=yes
ac_cv_header_libintl_h=yes
ac_cv_header_mcheck_h=yes
ac_cv_header_memory_h=yes
ac_cv_header_nl_types_h=yes
ac_cv_header_stdbool_h=yes
ac_cv_header_stdc=yes
ac_cv_header_stdint_h=yes
ac_cv_header_stdio_ext_h=yes
ac_cv_header_stdlib_h=yes
ac_cv_header_string_h=yes
ac_cv_header_strings_h=yes
ac_cv_header_sys_cdefs_h=yes
ac_cv_header_sys_mman_h=yes
ac_cv_header_sys_param_h=yes
ac_cv_header_sys_stat_h=yes
ac_cv_header_sys_types_h=yes
ac_cv_header_sys_uio_h=yes
ac_cv_header_time_h=yes
ac_cv_header_unistd_h=yes
ac_cv_header_wctype_h=yes
ac_cv_lib_intl_gettext=no
ac_cv_lib_posix4_nanosleep=no
ac_cv_objext=o
ac_cv_prog_CPP=cpp
ac_cv_prog_ac_ct_CC=gcc
ac_cv_prog_cc_g=yes
ac_cv_prog_cc_stdc=
ac_cv_prog_egrep='grep -E'
ac_cv_type___compar_fn_t=yes
ac_cv_type_blksize_t=no
ac_cv_type_comparison_fn_t=no
ac_cv_type_int_fast32_t=yes
ac_cv_type_off64_t=no

## ----------------- ##
## Output variables. ##
## ----------------- ##

CC='gcc'
CFLAGS='-O2'
CPP='cpp'
CPPFLAGS=''
DEFS='-DHAVE_CONFIG_H'
ECHO_C=''
ECHO_N='-n'
ECHO_T=''
EGREP='grep -E'
EXEEXT=''
LDFLAGS=''
LIBOBJS=''
LIBS=''
LN_S='ln -s'
LTLIBOBJS=''
OBJEXT='o'
PACKAGE_BUGREPORT=''
PACKAGE_NAME='glibc build-side support'
PACKAGE_STRING='glibc build-side support (see version.h)'
PACKAGE_TARNAME='glibc-build-side-support'
PACKAGE_VERSION='(see version.h)'
PATH_SEPARATOR=':'
SHELL='/bin/bash'
ac_ct_CC='gcc'
bindir='${exec_prefix}/bin'
build='i686-pc-linux-gnu'
build_alias=''
build_cpu='i686'
build_os='linux-gnu'
build_vendor='pc'
datadir='${prefix}/share'
exec_prefix='${prefix}'
host_alias=''
includedir='${prefix}/include'
infodir='${prefix}/info'
libdir='${exec_prefix}/lib'
libexecdir='${exec_prefix}/libexec'
localstatedir='${prefix}/var'
mandir='${prefix}/man'
oldincludedir='/usr/include'
prefix='/usr'
program_transform_name='s,x,x,'
sbindir='${exec_prefix}/sbin'
sharedstatedir='${prefix}/com'
sysconfdir='${prefix}/etc'
target_alias=''

## ----------- ##
## confdefs.h. ##
## ----------- ##

#define BUILD_BYTE_ORDER __LITTLE_ENDIAN
#define HAVE_BYTESWAP_H 1
#define HAVE_CTYPE_H 1
#define HAVE_DIRENT_H 1
#define HAVE_ENDIAN_H 1
#define HAVE_FCNTL_H 1
#define HAVE_FEATURES_H 1
#define HAVE_INTTYPES_H 1
#define HAVE_INTTYPES_H 1
#define HAVE_INT_FAST32_T 1
#define HAVE_LIBINTL_H 1
#define HAVE_MCHECK_H 1
#define HAVE_MEMORY_H 1
#define HAVE_NL_TYPES_H 1
#define HAVE_STDBOOL_H 1
#define HAVE_STDINT_H 1
#define HAVE_STDINT_H 1
#define HAVE_STDIO_EXT_H 1
#define HAVE_STDLIB_H 1
#define HAVE_STRINGS_H 1
#define HAVE_STRING_H 1
#define HAVE_STRSEP 1
#define HAVE_SYS_CDEFS_H 1
#define HAVE_SYS_MMAN_H 1
#define HAVE_SYS_PARAM_H 1
#define HAVE_SYS_STAT_H 1
#define HAVE_SYS_STAT_H 1
#define HAVE_SYS_TYPES_H 1
#define HAVE_SYS_UIO_H 1
#define HAVE_TIME_H 1
#define HAVE_UNISTD_H 1
#define HAVE_VPRINTF 1
#define HAVE_WCTYPE_H 1
#define HAVE___COMPAR_FN_T 1
#define PACKAGE_BUGREPORT ""
#define PACKAGE_NAME "glibc build-side support"
#define PACKAGE_STRING "glibc build-side support (see version.h)"
#define PACKAGE_TARNAME "glibc-build-side-support"
#define PACKAGE_VERSION "(see version.h)"
#define STDC_HEADERS 1

configure: exit 0
